build/app/outputs/mapping/release/mapping.txt
# compiler: R8
# compiler_version: 1.5.69
# min_api: 16
# pg_map_id: 585b6a9
...
com.google.android.gms.internal.location.zzq -> b.b.a.a.d.c.k0:
com.google.android.gms.location.FusedLocationProviderApi -> com.google.android.gms.location.a:
com.google.android.gms.location.FusedLocationProviderClient -> com.google.android.gms.location.b:
    com.google.android.gms.tasks.Task removeLocationUpdates(com.google.android.gms.location.LocationCallback) -> a
    com.google.android.gms.tasks.Task requestLocationUpdates(com.google.android.gms.location.LocationRequest,com.google.android.gms.location.LocationCallback,android.os.Looper) -> a
    com.google.android.gms.internal.location.zzaj zza(com.google.android.gms.location.FusedLocationProviderClient,com.google.android.gms.tasks.TaskCompletionSource) -> a
    com.google.android.gms.internal.location.zzaj zza(com.google.android.gms.tasks.TaskCompletionSource) -> a
    com.google.android.gms.tasks.Task getLastLocation() -> f
com.google.android.gms.location.FusedLocationProviderClient$zza -> com.google.android.gms.location.b$a:
    com.google.android.gms.tasks.TaskCompletionSource zzac -> a
    void zza(com.google.android.gms.internal.location.zzad) -> a
com.google.android.gms.location.GeofencingApi -> com.google.android.gms.location.c:
com.google.android.gms.location.LocationAvailability -> com.google.android.gms.location.LocationAvailability:
    com.google.android.gms.location.zzaj[] zzav -> e
    int zzau -> d
    long zzat -> c
    int zzas -> b
    int zzar -> a
    boolean isLocationAvailable() -> b
com.google.android.gms.location.LocationCallback -> com.google.android.gms.location.d:
    void onLocationAvailability(com.google.android.gms.location.LocationAvailability) -> a
    void onLocationResult(com.google.android.gms.location.LocationResult) -> a
com.google.android.gms.location.LocationListener -> com.google.android.gms.location.e:
com.google.android.gms.location.LocationRequest -> com.google.android.gms.location.LocationRequest:
    long zzaf -> e
    float zzaz -> g
    long zzba -> h
    long zzaw -> b
    int zzx -> f
    long zzax -> c
    int priority -> a
    boolean zzay -> d
    com.google.android.gms.location.LocationRequest setFastestInterval(long) -> a
    com.google.android.gms.location.LocationRequest setPriority(int) -> a
    com.google.android.gms.location.LocationRequest setSmallestDisplacement(float) -> a
    long getMaxWaitTime() -> b
    com.google.android.gms.location.LocationRequest setInterval(long) -> b
    void zza(long) -> c
com.google.android.gms.location.LocationResult -> com.google.android.gms.location.LocationResult:
    java.util.List zzbb -> b
    java.util.List zzbc -> a
    android.location.Location getLastLocation() -> b
    java.util.List getLocations() -> c
com.google.android.gms.location.LocationServices -> com.google.android.gms.location.f:
    com.google.android.gms.common.api.Api$ClientKey CLIENT_KEY -> a
    com.google.android.gms.common.api.Api$AbstractClientBuilder CLIENT_BUILDER -> b
    com.google.android.gms.location.SettingsApi SettingsApi -> d
    com.google.android.gms.common.api.Api API -> c
    com.google.android.gms.location.FusedLocationProviderClient getFusedLocationProviderClient(android.content.Context) -> a
    com.google.android.gms.location.SettingsClient getSettingsClient(android.content.Context) -> b
com.google.android.gms.location.LocationServices$zza -> com.google.android.gms.location.f$a:
com.google.android.gms.location.LocationSettingsRequest -> com.google.android.gms.location.g:
    java.util.List zzbg -> a
    com.google.android.gms.location.zzae zzbj -> d
    boolean zzbh -> b
    boolean zzbi -> c
com.google.android.gms.location.LocationSettingsRequest$Builder -> com.google.android.gms.location.g$a:
    boolean zzbh -> b
    java.util.ArrayList zzbk -> a
    boolean zzbi -> c
    com.google.android.gms.location.LocationSettingsRequest$Builder addLocationRequest(com.google.android.gms.location.LocationRequest) -> a
    com.google.android.gms.location.LocationSettingsRequest build() -> a